0 info it worked if it ends with ok
1 verbose cli [ '/usr/local/Cellar/node/5.4.1_1/bin/node',
1 verbose cli   '/Users/stevebr/npm-packages/bin/npm',
1 verbose cli   'start' ]
2 info using npm@3.10.5
3 info using node@v5.4.1
4 verbose run-script [ 'prestart', 'start', 'poststart' ]
5 info lifecycle angular-2-tutorial@1.0.0~prestart: angular-2-tutorial@1.0.0
6 silly lifecycle angular-2-tutorial@1.0.0~prestart: no script for prestart, continuing
7 info lifecycle angular-2-tutorial@1.0.0~start: angular-2-tutorial@1.0.0
8 verbose lifecycle angular-2-tutorial@1.0.0~start: unsafe-perm in lifecycle true
9 verbose lifecycle angular-2-tutorial@1.0.0~start: PATH: /Users/stevebr/npm-packages/lib/node_modules/npm/bin/node-gyp-bin:/Users/stevebr/Projects/github/Blackbaud-SteveBrush/angular-2-tutorial/node_modules/.bin:/usr/local/Cellar/node/5.4.1_1/bin:/Users/stevebr/.dnx/runtimes/dnx-mono.1.0.0-rc1-update2/bin:/Users/stevebr/.dnx/bin:/Users/stevebr/npm-packages/bin:/usr/local/bin:/usr/bin:/bin:/usr/sbin:/sbin:/usr/local/mongodb/bin:/usr/local/share/dotnet
10 verbose lifecycle angular-2-tutorial@1.0.0~start: CWD: /Users/stevebr/Projects/github/Blackbaud-SteveBrush/angular-2-tutorial
11 silly lifecycle angular-2-tutorial@1.0.0~start: Args: [ '-c', 'tsc && concurrently "tsc -w" "lite-server" ' ]
12 silly lifecycle angular-2-tutorial@1.0.0~start: Returned: code: 2  signal: null
13 info lifecycle angular-2-tutorial@1.0.0~start: Failed to exec start script
14 verbose stack Error: angular-2-tutorial@1.0.0 start: `tsc && concurrently "tsc -w" "lite-server" `
14 verbose stack Exit status 2
14 verbose stack     at EventEmitter.<anonymous> (/Users/stevebr/npm-packages/lib/node_modules/npm/lib/utils/lifecycle.js:242:16)
14 verbose stack     at emitTwo (events.js:87:13)
14 verbose stack     at EventEmitter.emit (events.js:172:7)
14 verbose stack     at ChildProcess.<anonymous> (/Users/stevebr/npm-packages/lib/node_modules/npm/lib/utils/spawn.js:40:14)
14 verbose stack     at emitTwo (events.js:87:13)
14 verbose stack     at ChildProcess.emit (events.js:172:7)
14 verbose stack     at maybeClose (internal/child_process.js:821:16)
14 verbose stack     at Process.ChildProcess._handle.onexit (internal/child_process.js:211:5)
15 verbose pkgid angular-2-tutorial@1.0.0
16 verbose cwd /Users/stevebr/Projects/github/Blackbaud-SteveBrush/angular-2-tutorial
17 error Darwin 15.6.0
18 error argv "/usr/local/Cellar/node/5.4.1_1/bin/node" "/Users/stevebr/npm-packages/bin/npm" "start"
19 error node v5.4.1
20 error npm  v3.10.5
21 error code ELIFECYCLE
22 error angular-2-tutorial@1.0.0 start: `tsc && concurrently "tsc -w" "lite-server" `
22 error Exit status 2
23 error Failed at the angular-2-tutorial@1.0.0 start script 'tsc && concurrently "tsc -w" "lite-server" '.
23 error Make sure you have the latest version of node.js and npm installed.
23 error If you do, this is most likely a problem with the angular-2-tutorial package,
23 error not with npm itself.
23 error Tell the author that this fails on your system:
23 error     tsc && concurrently "tsc -w" "lite-server"
23 error You can get information on how to open an issue for this project with:
23 error     npm bugs angular-2-tutorial
23 error Or if that isn't available, you can get their info via:
23 error     npm owner ls angular-2-tutorial
23 error There is likely additional logging output above.
24 verbose exit [ 1, true ]
